<?xml version="1.0" encoding="UTF-8"?>
<!-- Generated by org.testng.reporters.JUnitReportReporter -->
<testsuite hostname="LAPTOP-NAU9B5OB" failures="0" tests="1" name="testCases.TC001_AccountRegistrationTest" time="11.372" errors="0" timestamp="2024-08-31T18:07:34 IST" skipped="0">
  <testcase classname="testCases.TC001_AccountRegistrationTest" name="verify_account_registration" time="11.372"/>
</testsuite> <!-- testCases.TC001_AccountRegistrationTest -->
